<?xml version="1.0" encoding="UTF-8"?>
<!-- Generated by org.testng.reporters.JUnitReportReporter -->
<testsuite hostname="DESKTOP-L0VG6SH" failures="0" tests="3" name="com.telus.crosbrowsertesting.MultipleBrowser" time="0.020" errors="0" timestamp="2023-06-20T13:02:12 IST" skipped="0">
  <testcase classname="com.telus.crosbrowsertesting.MultipleBrowser" name="sampleTest" time="0.015"/>
  <system-out>
    <![CDATA[Passed]]>
  </system-out>
  <testcase classname="com.telus.crosbrowsertesting.MultipleBrowser" name="sampleTest" time="0.002"/>
  <system-out>
    <![CDATA[Passed]]>
  </system-out>
  <testcase classname="com.telus.crosbrowsertesting.MultipleBrowser" name="sampleTest" time="0.003"/>
  <system-out>
    <![CDATA[Passed]]>
  </system-out>
</testsuite> <!-- com.telus.crosbrowsertesting.MultipleBrowser -->
