<?xml version="1.0" encoding="UTF-8"?>
<!-- Generated by org.testng.reporters.JUnitReportReporter -->
<testsuite hostname="DESKTOP-L0VG6SH" failures="0" tests="9" name="com.telus.crosbrowsertesting.SampleThreadprogram" time="0.316" errors="0" timestamp="2023-06-21T11:55:54 IST" skipped="0">
  <testcase classname="com.telus.crosbrowsertesting.SampleThreadprogram" name="testCase8" time="0.004"/>
  <system-out/>
  <testcase classname="com.telus.crosbrowsertesting.SampleThreadprogram" name="testCase5" time="0.030"/>
  <system-out/>
  <testcase classname="com.telus.crosbrowsertesting.SampleThreadprogram" name="testCase6" time="0.013"/>
  <system-out/>
  <testcase classname="com.telus.crosbrowsertesting.SampleThreadprogram" name="testCase1" time="0.032"/>
  <system-out/>
  <testcase classname="com.telus.crosbrowsertesting.SampleThreadprogram" name="testCase4" time="0.030"/>
  <system-out/>
  <testcase classname="com.telus.crosbrowsertesting.SampleThreadprogram" name="testCase9" time="0.048"/>
  <system-out/>
  <testcase classname="com.telus.crosbrowsertesting.SampleThreadprogram" name="testCase7" time="0.099"/>
  <system-out/>
  <testcase classname="com.telus.crosbrowsertesting.SampleThreadprogram" name="testCase3" time="0.030"/>
  <system-out/>
  <testcase classname="com.telus.crosbrowsertesting.SampleThreadprogram" name="testCase2" time="0.030"/>
  <system-out/>
</testsuite> <!-- com.telus.crosbrowsertesting.SampleThreadprogram -->
