<?xml version="1.0" encoding="UTF-8"?>
<!-- Generated by org.testng.reporters.JUnitReportReporter -->
<testsuite hostname="DESKTOP-L0VG6SH" failures="0" tests="3" name="com.telus.testcases.RegisterUser" time="4.672" errors="0" timestamp="2023-06-24T15:18:16 IST" skipped="0">
  <testcase classname="com.telus.testcases.RegisterUser" name="clickRegisterUser" time="1.104"/>
  <system-out>
    <![CDATA[Register Link is clicked]]>
  </system-out>
  <testcase classname="com.telus.testcases.RegisterUser" name="registerUser" time="1.917"/>
  <system-out>
    <![CDATA[First Name entered is BharathVasan
Last Name entered is G
Address entered is 200, Consilium Place
City entered is Toronto
State entered is Ontario
Zip Code entered is M1H3E4
Phone Number entered is 6842289647
SSN entered is M178541
User Name entered is testnew290
Register button is clicked]]>
  </system-out>
  <testcase classname="com.telus.testcases.RegisterUser" name="successfulMessageVerification" time="1.651"/>
  <system-out>
    <![CDATA[User Name displayed is testnew290
Successful Welcome Message displayed is Your account was created successfully.
Log Out link is clicked]]>
  </system-out>
</testsuite> <!-- com.telus.testcases.RegisterUser -->
