<?xml version="1.0" encoding="UTF-8"?>
<!-- Generated by org.testng.reporters.JUnitReportReporter -->
<testsuite hostname="DESKTOP-L0VG6SH" failures="0" tests="5" name="com.telus.registerdemo.RegisterDemoTestNG" time="23.536" errors="0" timestamp="2023-06-19T13:40:09 IST" skipped="0">
  <testcase classname="com.telus.registerdemo.RegisterDemoTestNG" name="launchApplication" time="13.714"/>
  <system-out>
    <![CDATA[Application is launched successfully]]>
  </system-out>
  <testcase classname="com.telus.registerdemo.RegisterDemoTestNG" name="navigateToRegisterDemoPage" time="2.746"/>
  <system-out>
    <![CDATA[Register Demo Page is displayed]]>
  </system-out>
  <testcase classname="com.telus.registerdemo.RegisterDemoTestNG" name="registerUser" time="6.580"/>
  <system-out>
    <![CDATA[The Actual & Expected Registration Form Titles are same
The Registration Form Tile displayed is Register For Demo
First Name Text Box is displayed
First Name entered in the text box is BharathVasan
Last Name Text Box is displayed
Last Name entered in the text box is G
Male Radio Button is not selected
Male Radio Button is selected
Street Adress Text Box is displayed
Street Adress entered in the text box is 234
Apt, Suite, Bldg. Text Box is displayed
Apt, Suite, Bldg. No. entered in the text box is 213/7
City Text Box is displayed
City entered in the text box is Dindigul
Postal/Zip Code Text Box is displayed
Postal/Zip Code entered in the text box is 500 012
State Text Box is displayed
State entered in the text box is Tamil Nadu
Country Drop Down is displayed
Country selected from the drop down is India
Email Text Box is displayed
Email entered in the text box is registerdemo@gmail.com
Date of Demo Text Box is displayed
Date of Demo entered in the text box is 12/05/23
Convenient Hour Drop Down is displayed
Convenient Hour selected from the drop down is 10
Convenient Minutes Drop Down is displayed
Convenient Minutes selected from the drop down is 30
Convenient Time selected from the drop down is 10hours and 30minutes
Mobile Number Text Box is displayed
Mobile Number entered in the text box is 472813
TestNG checkbox is not selected
TestNG checkbox is selected
Core Java checkbox is not selected
Core Java checkbox is selected
Enter Your Query Text Box is displayed
Query entered in the text box is End to End assigment
Verification Text Box is displayed
Two digits entered in the text box is 99
Submit Button is enabled
User is Registered succesfully]]>
  </system-out>
  <testcase classname="com.telus.registerdemo.RegisterDemoTestNG" name="validateSuccessfulMsg" time="0.047"/>
  <system-out>
    <![CDATA[The Actual and Expected Successful Messages are same
The Actual Successful Message is Registration Form is Successfully Submitted.
The Transaction Id : NXTGEN34620
Successful Message is Validated]]>
  </system-out>
  <testcase classname="com.telus.registerdemo.RegisterDemoTestNG" name="closeApplication" time="0.449"/>
  <system-out>
    <![CDATA[Application is closed]]>
  </system-out>
</testsuite> <!-- com.telus.registerdemo.RegisterDemoTestNG -->
